Build started 17-11-2019 03:48:10.
     1>Project "C:\Users\Shashank\Desktop\SPEECH LAB WORK\SPEECH VISUAL TASK\ContactApp\ContactApp\ContactApp.vcxproj" on node 2 (build target(s)).
     1>InitializeBuildStatus:
         Creating "Debug\ContactApp.unsuccessfulbuild" because "AlwaysCreate" was specified.
       GenerateTargetFrameworkMonikerAttribute:
       Skipping target "GenerateTargetFrameworkMonikerAttribute" because all output files are up-to-date with respect to the input files.
       ClCompile:
         All outputs are up-to-date.
         C:\Program Files (x86)\Microsoft Visual Studio 10.0\VC\bin\CL.exe /c /AI"C:\Program Files (x86)\Reference Assemblies\Microsoft\Framework\.NETFramework\v4.0" /Zi /clr:pure /nologo /W3 /WX- /Od /Oy- /D WIN32 /D _DEBUG /D _UNICODE /D UNICODE /EHa /MDd /GS /fp:precise /Zc:wchar_t /Zc:forScope /Yu"StdAfx.h" /Fp"Debug\ContactApp.pch" /Fo"Debug\\" /Fd"Debug\vc100.pdb" /TP /FU"C:\Program Files (x86)\Reference Assemblies\Microsoft\Framework\.NETFramework\v4.0\System.Core.dll" /FU"C:\Program Files (x86)\Reference Assemblies\Microsoft\Framework\.NETFramework\v4.0\System.Data.dll" /FU"C:\Program Files (x86)\Reference Assemblies\Microsoft\Framework\.NETFramework\v4.0\System.dll" /FU"C:\Program Files (x86)\Reference Assemblies\Microsoft\Framework\.NETFramework\v4.0\System.Drawing.dll" /FU"C:\Program Files (x86)\Reference Assemblies\Microsoft\Framework\.NETFramework\v4.0\System.Windows.Forms.dll" /FU"C:\Program Files (x86)\Reference Assemblies\Microsoft\Framework\.NETFramework\v4.0\System.Xml.dll" /analyze- /errorReport:prompt ContactApp.cpp /clr:nostdlib 
         ContactApp.cpp
     1>c:\users\shashank\desktop\speech lab work\speech visual task\contactapp\contactapp\Testing\\digit_recognisation.h(306): warning C4101: 'option' : unreferenced local variable
     1>c:\users\shashank\desktop\speech lab work\speech visual task\contactapp\contactapp\Testing\\digit_recognisation.h(300): warning C4101: 'k' : unreferenced local variable
     1>c:\users\shashank\desktop\speech lab work\speech visual task\contactapp\contactapp\Testing\\digit_recognisation.h(300): warning C4101: 'j' : unreferenced local variable
     1>c:\users\shashank\desktop\speech lab work\speech visual task\contactapp\contactapp\Testing\\digit_recognisation.h(359): warning C4101: 'option' : unreferenced local variable
     1>c:\users\shashank\desktop\speech lab work\speech visual task\contactapp\contactapp\Testing\\digit_recognisation.h(353): warning C4101: 'k' : unreferenced local variable
     1>c:\users\shashank\desktop\speech lab work\speech visual task\contactapp\contactapp\Testing\\digit_recognisation.h(353): warning C4101: 'j' : unreferenced local variable
     1>c:\users\shashank\desktop\speech lab work\speech visual task\contactapp\contactapp\Form1.h(86): warning C4101: 'buff' : unreferenced local variable
         All outputs are up-to-date.
       CoreResGen:
         "C:\Program Files (x86)\Microsoft SDKs\Windows\v7.0A\bin\NETFX 4.0 Tools\resgen.exe" /useSourcePath /r:"C:\Program Files (x86)\Reference Assemblies\Microsoft\Framework\.NETFramework\v4.0\System.Core.dll" /r:"C:\Program Files (x86)\Reference Assemblies\Microsoft\Framework\.NETFramework\v4.0\System.Data.dll" /r:"C:\Program Files (x86)\Reference Assemblies\Microsoft\Framework\.NETFramework\v4.0\System.dll" /r:"C:\Program Files (x86)\Reference Assemblies\Microsoft\Framework\.NETFramework\v4.0\System.Drawing.dll" /r:"C:\Program Files (x86)\Reference Assemblies\Microsoft\Framework\.NETFramework\v4.0\System.Windows.Forms.dll" /r:"C:\Program Files (x86)\Reference Assemblies\Microsoft\Framework\.NETFramework\v4.0\System.Xml.dll" /compile Form1.resX,Debug\ContactApp.Form1.resources
         Processing resource file "Form1.resX" into "Debug\ContactApp.Form1.resources".
       ResourceCompile:
         All outputs are up-to-date.
       Link:
         C:\Program Files (x86)\Microsoft Visual Studio 10.0\VC\bin\link.exe /ERRORREPORT:PROMPT /OUT:"C:\Users\Shashank\Desktop\SPEECH LAB WORK\SPEECH VISUAL TASK\ContactApp\Debug\ContactApp.exe" /INCREMENTAL /NOLOGO winmm.lib kernel32.lib user32.lib gdi32.lib winspool.lib comdlg32.lib advapi32.lib shell32.lib ole32.lib oleaut32.lib uuid.lib odbc32.lib odbccp32.lib /ASSEMBLYRESOURCE:Debug\ContactApp.Form1.resources /MANIFEST /ManifestFile:"Debug\ContactApp.exe.intermediate.manifest" /MANIFESTUAC:"level='asInvoker' uiAccess='false'" /DEBUG /PDB:"C:\Users\Shashank\Desktop\SPEECH LAB WORK\SPEECH VISUAL TASK\ContactApp\Debug\ContactApp.pdb" /ASSEMBLYDEBUG /SUBSYSTEM:WINDOWS /TLBID:1 /ENTRY:"main" /DYNAMICBASE /FIXED:NO /NXCOMPAT /MACHINE:X86 Debug\app.res
         Debug\AssemblyInfo.obj
         Debug\ContactApp.obj
         Debug\stdafx.obj
         "Debug\.NETFramework,Version=v4.0.AssemblyAttributes.obj"
         ContactApp.vcxproj -> C:\Users\Shashank\Desktop\SPEECH LAB WORK\SPEECH VISUAL TASK\ContactApp\Debug\ContactApp.exe
       Manifest:
         C:\Program Files (x86)\Microsoft SDKs\Windows\v7.0A\bin\mt.exe /nologo /verbose /outputresource:"C:\Users\Shashank\Desktop\SPEECH LAB WORK\SPEECH VISUAL TASK\ContactApp\Debug\ContactApp.exe;#1" /manifest Debug\ContactApp.exe.intermediate.manifest
       FinalizeBuildStatus:
         Deleting file "Debug\ContactApp.unsuccessfulbuild".
         Touching "Debug\ContactApp.lastbuildstate".
     1>Done Building Project "C:\Users\Shashank\Desktop\SPEECH LAB WORK\SPEECH VISUAL TASK\ContactApp\ContactApp\ContactApp.vcxproj" (build target(s)).

Build succeeded.

Time Elapsed 00:00:03.81
